<?xml version="1.0" encoding="UTF-8"?>
<!-- Generated by org.testng.reporters.JUnitReportReporter -->
<testsuite hostname="IBM158-R9019EAM" name="in.amazon.testcase.Testcase2" tests="1" failures="0" timestamp="2 Dec 2018 05:27:58 GMT" time="40.400" errors="0">
  <testcase name="tc2" time="40.400" classname="in.amazon.testcase.Testcase2"/>
</testsuite> <!-- in.amazon.testcase.Testcase2 -->
