<?xml version="1.0" encoding="UTF-8"?>
<!-- Generated by org.testng.reporters.JUnitReportReporter -->
<testsuite hostname="IBM158-R9019EAM" name="in.amazon.testcase.Testcase1" tests="1" failures="0" timestamp="1 Dec 2018 17:01:50 GMT" time="60.846" errors="0">
  <testcase name="tc1" time="60.846" classname="in.amazon.testcase.Testcase1"/>
</testsuite> <!-- in.amazon.testcase.Testcase1 -->
